<?xml version="1.0" encoding="UTF-8"?>
<robot generator="Robot 4.0.3 (Python 3.7.9 on win32)" generated="20210612 03:43:40.719" rpa="false" schemaversion="2">
<suite id="s1" name="TestSuite50" source="C:\ws\WN01PTB\RPSvn\HPZaneStudy\STD_ROBOT\RobotProject01\TestSuite50.robot">
<test id="s1-t1" name="TC-51-Test-Key">
<kw name="Open Browser" library="SeleniumLibrary">
<arg>https://opensource-demo.orangehrmlive.com/</arg>
<arg>chrome</arg>
<doc>Opens a new browser instance to the optional ``url``.</doc>
<msg timestamp="20210612 03:43:41.407" level="INFO">Opening browser 'chrome' to base url 'https://opensource-demo.orangehrmlive.com/'.</msg>
<status status="PASS" starttime="20210612 03:43:41.407" endtime="20210612 03:43:45.516"/>
</kw>
<kw name="Login">
<kw name="Input Text" library="SeleniumLibrary">
<arg>id=txtUsername</arg>
<arg>Admin</arg>
<doc>Types the given ``text`` into the text field identified by ``locator``.</doc>
<msg timestamp="20210612 03:43:45.520" level="INFO">Typing text 'Admin' into text field 'id=txtUsername'.</msg>
<status status="PASS" starttime="20210612 03:43:45.518" endtime="20210612 03:43:45.697"/>
</kw>
<kw name="Input Password" library="SeleniumLibrary">
<arg>id=txtPassword</arg>
<arg>admin123</arg>
<doc>Types the given password into the text field identified by ``locator``.</doc>
<msg timestamp="20210612 03:43:45.699" level="INFO">Typing password into text field 'id=txtPassword'.</msg>
<msg timestamp="20210612 03:43:45.791" level="INFO">Temporally setting log level to: NONE</msg>
<msg timestamp="20210612 03:43:45.884" level="INFO">Log level changed from NONE to INFO.</msg>
<status status="PASS" starttime="20210612 03:43:45.698" endtime="20210612 03:43:45.884"/>
</kw>
<kw name="Click Button" library="SeleniumLibrary">
<arg>id=btnLogin</arg>
<doc>Clicks the button identified by ``locator``.</doc>
<msg timestamp="20210612 03:43:45.885" level="INFO">Clicking button 'id=btnLogin'.</msg>
<status status="PASS" starttime="20210612 03:43:45.885" endtime="20210612 03:43:47.389"/>
</kw>
<status status="PASS" starttime="20210612 03:43:45.517" endtime="20210612 03:43:47.390"/>
</kw>
<kw name="Close Browser" library="SeleniumLibrary">
<doc>Closes the current browser.</doc>
<status status="PASS" starttime="20210612 03:43:47.391" endtime="20210612 03:43:49.590"/>
</kw>
<status status="PASS" starttime="20210612 03:43:41.407" endtime="20210612 03:43:49.590"/>
</test>
<status status="PASS" starttime="20210612 03:43:40.719" endtime="20210612 03:43:49.606"/>
</suite>
<statistics>
<total>
<stat pass="1" fail="0" skip="0">All Tests</stat>
</total>
<tag>
</tag>
<suite>
<stat pass="1" fail="0" skip="0" id="s1" name="TestSuite50">TestSuite50</stat>
</suite>
</statistics>
<errors>
</errors>
</robot>
